mode: set
potentivio-app/usecase/auth/auth.go:11.92,15.2 1 1
potentivio-app/usecase/auth/auth.go:17.98,20.2 2 1
potentivio-app/usecase/auth/auth.go:22.96,25.2 2 1
potentivio-app/usecase/genre/genre.go:12.97,16.2 1 1
potentivio-app/usecase/genre/genre.go:18.86,21.2 2 1
potentivio-app/usecase/genre/genre.go:23.67,26.2 2 1
potentivio-app/usecase/catagory/catagory.go:12.112,16.2 1 1
potentivio-app/usecase/catagory/catagory.go:18.101,21.2 2 1
potentivio-app/usecase/catagory/catagory.go:23.76,26.2 2 1
potentivio-app/usecase/imageCafe/imageCafe.go:12.117,16.2 1 1
potentivio-app/usecase/imageCafe/imageCafe.go:18.107,21.2 2 1
potentivio-app/usecase/imageCafe/imageCafe.go:23.62,26.2 2 1
potentivio-app/usecase/imageCafe/imageCafe.go:28.84,31.2 2 1
potentivio-app/usecase/notification/notification.go:13.97,17.2 1 1
potentivio-app/usecase/notification/notification.go:19.127,22.37 2 1
potentivio-app/usecase/notification/notification.go:28.2,31.25 4 1
potentivio-app/usecase/notification/notification.go:22.37,23.70 1 1
potentivio-app/usecase/notification/notification.go:23.70,25.4 1 1
potentivio-app/usecase/notification/notification.go:34.100,37.2 2 1
potentivio-app/usecase/notification/notification.go:39.102,42.2 2 1
potentivio-app/usecase/notification/notification.go:44.85,47.2 2 1
potentivio-app/usecase/notification/notification.go:49.75,51.29 2 1
potentivio-app/usecase/notification/notification.go:54.2,55.18 2 1
potentivio-app/usecase/notification/notification.go:51.29,53.3 1 1
